2022-07-29 15:59:02.815 [main] Logs -launch browser
2022-07-29 15:59:05.767 [main] Logs - Pop up closed 
2022-07-29 15:59:06.100 [main] Logs - Product name entered 
2022-07-29 15:59:19.598 [main] Logs - Search Button Clicked 
2022-07-29 15:59:47.389 [main] Logs -launch browser
2022-07-29 15:59:49.195 [main] Logs - Pop up closed 
2022-07-29 15:59:49.420 [main] Logs -hover on the products
2022-07-29 15:59:49.801 [main] Logs - Liquid clicked inside the shop product category 
2022-07-29 16:00:07.350 [main] Logs -launch browser
2022-07-29 16:00:09.065 [main] Logs - Pop up closed 
2022-07-29 16:00:09.425 [main] Logs - Clicked on Additives in footer section  
2022-07-29 16:00:09.425 [main] Logs - Clicked on Additives in footer section  
2022-07-29 16:00:31.518 [main] Logs -launch browser
2022-07-29 16:00:33.735 [main] Logs - Pop up closed 
2022-07-29 16:00:34.304 [main] Logs - Learn more button clicked 
2022-07-29 16:00:34.949 [main] Logs - Clicked on the second tab of the page 
2022-07-29 16:00:34.949 [main] Logs - Clicked on the second tab of the page 
2022-07-29 16:00:51.426 [main] Logs -launch browser
2022-07-29 16:00:53.343 [main] Logs - Pop up closed 
2022-07-29 16:00:53.656 [main] Logs - Clicked on what's new 
2022-07-29 16:00:53.658 [main] Logs - Clicked on what's new 
2022-07-29 16:00:54.042 [main] Logs - Clicked on the read more button 
2022-07-29 16:00:54.042 [main] Logs - Clicked on the read more button 
2022-07-29 16:01:18.886 [main] Logs -launch browser
2022-07-29 16:01:21.343 [main] Logs - Pop up closed 
2022-07-29 16:01:21.545 [main] Logs -Hover on the our commitment 
2022-07-29 16:01:21.876 [main] Logs - Clicked on the ingredients and safety 
2022-07-29 16:01:23.155 [main] Logs - Clicked on the learn more button 
2022-07-29 16:01:48.465 [main] Logs -launch browser
2022-07-29 16:01:50.946 [main] Logs - Pop up closed 
2022-07-29 16:01:51.366 [main] Logs - Clicked on deep clean 
2022-07-29 16:02:24.123 [main] Logs -launch browser
2022-07-29 16:02:26.479 [main] Logs - Pop up closed 
2022-07-29 16:02:26.939 [main] Logs - Clicked on the How to wash clothes tab 
2022-07-29 16:02:28.207 [main] Logs - Clicked on washing fabrics and colors
2022-07-29 16:02:29.105 [main] Logs - Clicked on how to use the clothes article 
2022-07-29 16:02:59.616 [main] Logs -launch browser
2022-07-29 16:03:02.460 [main] Logs - Pop up closed 
2022-07-29 16:03:02.807 [main] Logs - Clicked on the coupons and rewards 
2022-07-29 16:03:34.506 [main] Logs -launch browser
2022-07-29 16:03:36.336 [main] Logs - Pop up closed 
2022-07-29 16:03:36.739 [main] Logs -Clicked on the whiteness under by need section 
2022-07-29 16:03:47.910 [main] Logs - Clicked on the find retailers 
